Start testing: Apr 26 23:10 RTZ 2 (çèìà)
----------------------------------------------------------
1/1 Testing: tests
1/1 Test: tests
Command: "D:/Program/my_projects/sem2_lab2/build/Debug/tests.exe"
Directory: D:/Program/my_projects/sem2_lab2/build
"tests" start time: Apr 26 23:10 RTZ 2 (çèìà)
Output:
----------------------------------------------------------
Running main() from D:\Program\my_projects\sem2_lab2\tests\googletest-1.17.0\googletest\src\gtest_main.cc
[==========] Running 114 tests from 9 test suites.
[----------] Global test environment set-up.
[----------] 35 tests from DynamicArrayTests
[ RUN      ] DynamicArrayTests.ItemsConstructorCopiesElements
[       OK ] DynamicArrayTests.ItemsConstructorCopiesElements (0 ms)
[ RUN      ] DynamicArrayTests.SizeConstructorAllowZeroSize
[       OK ] DynamicArrayTests.SizeConstructorAllowZeroSize (0 ms)
[ RUN      ] DynamicArrayTests.SizeConstructorRequestedSize
[       OK ] DynamicArrayTests.SizeConstructorRequestedSize (0 ms)
[ RUN      ] DynamicArrayTests.SizeConstructorNegativeSize
[       OK ] DynamicArrayTests.SizeConstructorNegativeSize (0 ms)
[ RUN      ] DynamicArrayTests.ItemsConstructorMakesIndependentCopy
[       OK ] DynamicArrayTests.ItemsConstructorMakesIndependentCopy (0 ms)
[ RUN      ] DynamicArrayTests.ItemsConstructorAllowsZeroCountWithNullItems
[       OK ] DynamicArrayTests.ItemsConstructorAllowsZeroCountWithNullItems (0 ms)
[ RUN      ] DynamicArrayTests.ItemsConstructorAllowsZeroCountWithNonNullItems
[       OK ] DynamicArrayTests.ItemsConstructorAllowsZeroCountWithNonNullItems (0 ms)
[ RUN      ] DynamicArrayTests.ItemsConstructorRejectsNegativeCount
[       OK ] DynamicArrayTests.ItemsConstructorRejectsNegativeCount (0 ms)
[ RUN      ] DynamicArrayTests.ItemsConstructorRejectsNullItemsWhenCountIsPositive
[       OK ] DynamicArrayTests.ItemsConstructorRejectsNullItemsWhenCountIsPositive (0 ms)
[ RUN      ] DynamicArrayTests.GetReturnsValuesSetBySet
[       OK ] DynamicArrayTests.GetReturnsValuesSetBySet (0 ms)
[ RUN      ] DynamicArrayTests.GetRejectsNegativeIndex
[       OK ] DynamicArrayTests.GetRejectsNegativeIndex (0 ms)
[ RUN      ] DynamicArrayTests.GetRejectsIndexEqualToSize
[       OK ] DynamicArrayTests.GetRejectsIndexEqualToSize (0 ms)
[ RUN      ] DynamicArrayTests.GetRejectsIndexGreaterThanSize
[       OK ] DynamicArrayTests.GetRejectsIndexGreaterThanSize (0 ms)
[ RUN      ] DynamicArrayTests.GetRejectsIndexInEmptyArray
[       OK ] DynamicArrayTests.GetRejectsIndexInEmptyArray (0 ms)
[ RUN      ] DynamicArrayTests.SetChangesElement
[       OK ] DynamicArrayTests.SetChangesElement (0 ms)
[ RUN      ] DynamicArrayTests.SetRejectsNegativeIndex
[       OK ] DynamicArrayTests.SetRejectsNegativeIndex (0 ms)
[ RUN      ] DynamicArrayTests.SetRejectsIndexEqualToSize
[       OK ] DynamicArrayTests.SetRejectsIndexEqualToSize (0 ms)
[ RUN      ] DynamicArrayTests.SetRejectsIndexGreaterThanSize
[       OK ] DynamicArrayTests.SetRejectsIndexGreaterThanSize (0 ms)
[ RUN      ] DynamicArrayTests.SetRejectsIndexInEmptyArray
[       OK ] DynamicArrayTests.SetRejectsIndexInEmptyArray (0 ms)
[ RUN      ] DynamicArrayTests.ResizeToLargerSizeChangesSizeAndKeepsExistingElements
[       OK ] DynamicArrayTests.ResizeToLargerSizeChangesSizeAndKeepsExistingElements (0 ms)
[ RUN      ] DynamicArrayTests.ResizeToSmallerSizeChangesSizeAndKeepsPrefix
[       OK ] DynamicArrayTests.ResizeToSmallerSizeChangesSizeAndKeepsPrefix (0 ms)
[ RUN      ] DynamicArrayTests.ResizeToSameSizeKeepsElements
[       OK ] DynamicArrayTests.ResizeToSameSizeKeepsElements (0 ms)
[ RUN      ] DynamicArrayTests.ResizeToZeroClearsArray
[       OK ] DynamicArrayTests.ResizeToZeroClearsArray (0 ms)
[ RUN      ] DynamicArrayTests.ResizeFromZeroToPositiveCreatesUsableArray
[       OK ] DynamicArrayTests.ResizeFromZeroToPositiveCreatesUsableArray (0 ms)
[ RUN      ] DynamicArrayTests.ResizeCanGrowAfterClear
[       OK ] DynamicArrayTests.ResizeCanGrowAfterClear (0 ms)
[ RUN      ] DynamicArrayTests.ResizeRejectsNegativeSize
[       OK ] DynamicArrayTests.ResizeRejectsNegativeSize (0 ms)
[ RUN      ] DynamicArrayTests.CopyConstructorCopiesSizeAndElements
[       OK ] DynamicArrayTests.CopyConstructorCopiesSizeAndElements (0 ms)
[ RUN      ] DynamicArrayTests.CopyConstructorCreatesIndependentStorage
[       OK ] DynamicArrayTests.CopyConstructorCreatesIndependentStorage (0 ms)
[ RUN      ] DynamicArrayTests.CopyConstructorCopiesEmptyArray
[       OK ] DynamicArrayTests.CopyConstructorCopiesEmptyArray (0 ms)
[ RUN      ] DynamicArrayTests.AssignmentCopiesSizeAndElements
[       OK ] DynamicArrayTests.AssignmentCopiesSizeAndElements (0 ms)
[ RUN      ] DynamicArrayTests.AssignmentCreatesIndependentStorage
[       OK ] DynamicArrayTests.AssignmentCreatesIndependentStorage (0 ms)
[ RUN      ] DynamicArrayTests.AssignmentFromEmptyArrayClearsTarget
[       OK ] DynamicArrayTests.AssignmentFromEmptyArrayClearsTarget (0 ms)
[ RUN      ] DynamicArrayTests.AssignmentToEmptyArrayCopiesSource
[       OK ] DynamicArrayTests.AssignmentToEmptyArrayCopiesSource (0 ms)
[ RUN      ] DynamicArrayTests.SelfAssignmentKeepsArrayValid
[       OK ] DynamicArrayTests.SelfAssignmentKeepsArrayValid (0 ms)
[ RUN      ] DynamicArrayTests.WorksWithStringValues
[       OK ] DynamicArrayTests.WorksWithStringValues (0 ms)
[----------] 35 tests from DynamicArrayTests (2 ms total)

[----------] 49 tests from LinkedListTests
[ RUN      ] LinkedListTests.DefaultConstructorCreatesEmptyList
[       OK ] LinkedListTests.DefaultConstructorCreatesEmptyList (0 ms)
[ RUN      ] LinkedListTests.EmptyListRejectsGetFirst
[       OK ] LinkedListTests.EmptyListRejectsGetFirst (0 ms)
[ RUN      ] LinkedListTests.EmptyListRejectsGetLast
[       OK ] LinkedListTests.EmptyListRejectsGetLast (0 ms)
[ RUN      ] LinkedListTests.EmptyListRejectsGetZero
[       OK ] LinkedListTests.EmptyListRejectsGetZero (0 ms)
[ RUN      ] LinkedListTests.ItemsConstructorCopiesElements
[       OK ] LinkedListTests.ItemsConstructorCopiesElements (0 ms)
[ RUN      ] LinkedListTests.ItemsConstructorMakesIndependentCopy
[       OK ] LinkedListTests.ItemsConstructorMakesIndependentCopy (0 ms)
[ RUN      ] LinkedListTests.ItemsConstructorAllowsZeroCountWithNullItems
[       OK ] LinkedListTests.ItemsConstructorAllowsZeroCountWithNullItems (0 ms)
[ RUN      ] LinkedListTests.ItemsConstructorAllowsZeroCountWithNonNullItems
[       OK ] LinkedListTests.ItemsConstructorAllowsZeroCountWithNonNullItems (0 ms)
[ RUN      ] LinkedListTests.ItemsConstructorRejectsNegativeCount
[       OK ] LinkedListTests.ItemsConstructorRejectsNegativeCount (0 ms)
[ RUN      ] LinkedListTests.ItemsConstructorRejectsNullItemsWhenCountIsPositive
[       OK ] LinkedListTests.ItemsConstructorRejectsNullItemsWhenCountIsPositive (0 ms)
[ RUN      ] LinkedListTests.GetFirstReturnsFirstElement
[       OK ] LinkedListTests.GetFirstReturnsFirstElement (0 ms)
[ RUN      ] LinkedListTests.GetLastReturnsLastElement
[       OK ] LinkedListTests.GetLastReturnsLastElement (0 ms)
[ RUN      ] LinkedListTests.GetReturnsElementByIndex
[       OK ] LinkedListTests.GetReturnsElementByIndex (0 ms)
[ RUN      ] LinkedListTests.GetRejectsNegativeIndex
[       OK ] LinkedListTests.GetRejectsNegativeIndex (0 ms)
[ RUN      ] LinkedListTests.GetRejectsIndexEqualToLength
[       OK ] LinkedListTests.GetRejectsIndexEqualToLength (0 ms)
[ RUN      ] LinkedListTests.GetRejectsIndexGreaterThanLength
[       OK ] LinkedListTests.GetRejectsIndexGreaterThanLength (0 ms)
[ RUN      ] LinkedListTests.AppendAddsElementToEmptyList
[       OK ] LinkedListTests.AppendAddsElementToEmptyList (0 ms)
[ RUN      ] LinkedListTests.AppendAddsElementToEnd
[       OK ] LinkedListTests.AppendAddsElementToEnd (0 ms)
[ RUN      ] LinkedListTests.PrependAddsElementToEmptyList
[       OK ] LinkedListTests.PrependAddsElementToEmptyList (0 ms)
[ RUN      ] LinkedListTests.PrependAddsElementToBeginning
[       OK ] LinkedListTests.PrependAddsElementToBeginning (0 ms)
[ RUN      ] LinkedListTests.InsertAtZeroPrepends
[       OK ] LinkedListTests.InsertAtZeroPrepends (0 ms)
[ RUN      ] LinkedListTests.InsertAtMiddleInsertsElement
[       OK ] LinkedListTests.InsertAtMiddleInsertsElement (0 ms)
[ RUN      ] LinkedListTests.InsertAtLengthAppends
[       OK ] LinkedListTests.InsertAtLengthAppends (0 ms)
[ RUN      ] LinkedListTests.InsertAtRejectsNegativeIndex
[       OK ] LinkedListTests.InsertAtRejectsNegativeIndex (0 ms)
[ RUN      ] LinkedListTests.InsertAtRejectsIndexGreaterThanLength
[       OK ] LinkedListTests.InsertAtRejectsIndexGreaterThanLength (0 ms)
[ RUN      ] LinkedListTests.InsertAtRejectsIndexGreaterThanZeroInEmptyList
[       OK ] LinkedListTests.InsertAtRejectsIndexGreaterThanZeroInEmptyList (0 ms)
[ RUN      ] LinkedListTests.GetSubListReturnsInclusiveRange
[       OK ] LinkedListTests.GetSubListReturnsInclusiveRange (0 ms)
[ RUN      ] LinkedListTests.GetSubListCanReturnSingleElement
[       OK ] LinkedListTests.GetSubListCanReturnSingleElement (0 ms)
[ RUN      ] LinkedListTests.GetSubListCanReturnWholeList
[       OK ] LinkedListTests.GetSubListCanReturnWholeList (0 ms)
[ RUN      ] LinkedListTests.GetSubListReturnsIndependentList
[       OK ] LinkedListTests.GetSubListReturnsIndependentList (0 ms)
[ RUN      ] LinkedListTests.GetSubListRejectsNegativeStartIndex
[       OK ] LinkedListTests.GetSubListRejectsNegativeStartIndex (0 ms)
[ RUN      ] LinkedListTests.GetSubListRejectsNegativeEndIndex
[       OK ] LinkedListTests.GetSubListRejectsNegativeEndIndex (0 ms)
[ RUN      ] LinkedListTests.GetSubListRejectsStartGreaterThanEnd
[       OK ] LinkedListTests.GetSubListRejectsStartGreaterThanEnd (0 ms)
[ RUN      ] LinkedListTests.GetSubListRejectsEndIndexEqualToLength
[       OK ] LinkedListTests.GetSubListRejectsEndIndexEqualToLength (0 ms)
[ RUN      ] LinkedListTests.GetSubListRejectsIndexInEmptyList
[       OK ] LinkedListTests.GetSubListRejectsIndexInEmptyList (0 ms)
[ RUN      ] LinkedListTests.ConcatReturnsCombinedList
[       OK ] LinkedListTests.ConcatReturnsCombinedList (0 ms)
[ RUN      ] LinkedListTests.ConcatDoesNotChangeSourceLists
[       OK ] LinkedListTests.ConcatDoesNotChangeSourceLists (0 ms)
[ RUN      ] LinkedListTests.ConcatWithEmptyLeftListWorks
[       OK ] LinkedListTests.ConcatWithEmptyLeftListWorks (0 ms)
[ RUN      ] LinkedListTests.ConcatWithEmptyRightListWorks
[       OK ] LinkedListTests.ConcatWithEmptyRightListWorks (0 ms)
[ RUN      ] LinkedListTests.ConcatRejectsNullList
[       OK ] LinkedListTests.ConcatRejectsNullList (0 ms)
[ RUN      ] LinkedListTests.CopyConstructorCopiesElements
[       OK ] LinkedListTests.CopyConstructorCopiesElements (0 ms)
[ RUN      ] LinkedListTests.CopyConstructorCreatesIndependentStorage
[       OK ] LinkedListTests.CopyConstructorCreatesIndependentStorage (0 ms)
[ RUN      ] LinkedListTests.CopyConstructorCopiesEmptyList
[       OK ] LinkedListTests.CopyConstructorCopiesEmptyList (0 ms)
[ RUN      ] LinkedListTests.AssignmentCopiesElements
[       OK ] LinkedListTests.AssignmentCopiesElements (0 ms)
[ RUN      ] LinkedListTests.AssignmentCreatesIndependentStorage
[       OK ] LinkedListTests.AssignmentCreatesIndependentStorage (0 ms)
[ RUN      ] LinkedListTests.AssignmentFromEmptyListClearsTarget
[       OK ] LinkedListTests.AssignmentFromEmptyListClearsTarget (0 ms)
[ RUN      ] LinkedListTests.AssignmentToEmptyListCopiesSource
[       OK ] LinkedListTests.AssignmentToEmptyListCopiesSource (0 ms)
[ RUN      ] LinkedListTests.SelfAssignmentKeepsListValid
[       OK ] LinkedListTests.SelfAssignmentKeepsListValid (0 ms)
[ RUN      ] LinkedListTests.WorksWithStringValues
[       OK ] LinkedListTests.WorksWithStringValues (0 ms)
[----------] 49 tests from LinkedListTests (3 ms total)

[----------] 7 tests from MutableArraySequenceTests
[ RUN      ] MutableArraySequenceTests.DefaultConstructorCreatesEmptySequence
[       OK ] MutableArraySequenceTests.DefaultConstructorCreatesEmptySequence (0 ms)
[ RUN      ] MutableArraySequenceTests.AppendPrependAndInsertAtModifyMutableSequence
[       OK ] MutableArraySequenceTests.AppendPrependAndInsertAtModifyMutableSequence (0 ms)
[ RUN      ] MutableArraySequenceTests.GetSubsequenceReturnsInclusiveCopy
[       OK ] MutableArraySequenceTests.GetSubsequenceReturnsInclusiveCopy (0 ms)
[ RUN      ] MutableArraySequenceTests.ConcatAppendsAnotherSequence
[       OK ] MutableArraySequenceTests.ConcatAppendsAnotherSequence (0 ms)
[ RUN      ] MutableArraySequenceTests.InsertAtRejectsInvalidIndex
[       OK ] MutableArraySequenceTests.InsertAtRejectsInvalidIndex (0 ms)
[ RUN      ] MutableArraySequenceTests.GetSubsequenceRejectsInvalidRange
[       OK ] MutableArraySequenceTests.GetSubsequenceRejectsInvalidRange (0 ms)
[ RUN      ] MutableArraySequenceTests.CopyConstructorCreatesIndependentSequence
[       OK ] MutableArraySequenceTests.CopyConstructorCreatesIndependentSequence (0 ms)
[----------] 7 tests from MutableArraySequenceTests (0 ms total)

[----------] 4 tests from ImmutableArraySequenceTests
[ RUN      ] ImmutableArraySequenceTests.AppendReturnsNewSequence
[       OK ] ImmutableArraySequenceTests.AppendReturnsNewSequence (0 ms)
[ RUN      ] ImmutableArraySequenceTests.InsertAtKeepsOriginalUnchanged
[       OK ] ImmutableArraySequenceTests.InsertAtKeepsOriginalUnchanged (0 ms)
[ RUN      ] ImmutableArraySequenceTests.ConcatReturnsNewSequence
[       OK ] ImmutableArraySequenceTests.ConcatReturnsNewSequence (0 ms)
[ RUN      ] ImmutableArraySequenceTests.GetSubsequenceReturnsImmutableSequence
[       OK ] ImmutableArraySequenceTests.GetSubsequenceReturnsImmutableSequence (0 ms)
[----------] 4 tests from ImmutableArraySequenceTests (0 ms total)

[----------] 3 tests from SequenceMapReduceTests
[ RUN      ] SequenceMapReduceTests.MapRejectsNullTransform
[       OK ] SequenceMapReduceTests.MapRejectsNullTransform (0 ms)
[ RUN      ] SequenceMapReduceTests.WhereRejectsNullPredicate
[       OK ] SequenceMapReduceTests.WhereRejectsNullPredicate (0 ms)
[ RUN      ] SequenceMapReduceTests.ReduceRejectsNullReducer
[       OK ] SequenceMapReduceTests.ReduceRejectsNullReducer (0 ms)
[----------] 3 tests from SequenceMapReduceTests (0 ms total)

[----------] 4 tests from MutableListSequenceTests
[ RUN      ] MutableListSequenceTests.BasicOperationsWork
[       OK ] MutableListSequenceTests.BasicOperationsWork (0 ms)
[ RUN      ] MutableListSequenceTests.GetSubsequenceReturnsListSequenceCopy
[       OK ] MutableListSequenceTests.GetSubsequenceReturnsListSequenceCopy (0 ms)
[ RUN      ] MutableListSequenceTests.ConcatAppendsElementsFromAnotherSequence
[       OK ] MutableListSequenceTests.ConcatAppendsElementsFromAnotherSequence (0 ms)
[ RUN      ] MutableListSequenceTests.CopyConstructorCreatesIndependentCopy
[       OK ] MutableListSequenceTests.CopyConstructorCreatesIndependentCopy (0 ms)
[----------] 4 tests from MutableListSequenceTests (0 ms total)

[----------] 4 tests from ImmutableListSequenceTests
[ RUN      ] ImmutableListSequenceTests.AppendReturnsNewSequence
[       OK ] ImmutableListSequenceTests.AppendReturnsNewSequence (0 ms)
[ RUN      ] ImmutableListSequenceTests.InsertAtKeepsOriginalUnchanged
[       OK ] ImmutableListSequenceTests.InsertAtKeepsOriginalUnchanged (0 ms)
[ RUN      ] ImmutableListSequenceTests.ConcatReturnsNewSequence
[       OK ] ImmutableListSequenceTests.ConcatReturnsNewSequence (0 ms)
[ RUN      ] ImmutableListSequenceTests.GetSubsequenceReturnsImmutableSequence
[       OK ] ImmutableListSequenceTests.GetSubsequenceReturnsImmutableSequence (0 ms)
[----------] 4 tests from ImmutableListSequenceTests (0 ms total)

[----------] 3 tests from AdaptiveSequenceTests
[ RUN      ] AdaptiveSequenceTests.BasicOperationsWork
[       OK ] AdaptiveSequenceTests.BasicOperationsWork (0 ms)
[ RUN      ] AdaptiveSequenceTests.GetSubsequenceReturnsAdaptiveSequence
[       OK ] AdaptiveSequenceTests.GetSubsequenceReturnsAdaptiveSequence (0 ms)
[ RUN      ] AdaptiveSequenceTests.ConcatAppendsAnotherSequence
[       OK ] AdaptiveSequenceTests.ConcatAppendsAnotherSequence (0 ms)
[----------] 3 tests from AdaptiveSequenceTests (0 ms total)

[----------] 5 tests from SegmentedListTests
[ RUN      ] SegmentedListTests.AppendWorksAcrossSeveralSegments
[       OK ] SegmentedListTests.AppendWorksAcrossSeveralSegments (0 ms)
[ RUN      ] SegmentedListTests.InsertAtAndPrependWork
[       OK ] SegmentedListTests.InsertAtAndPrependWork (0 ms)
[ RUN      ] SegmentedListTests.GetSubsequenceReturnsCopy
[       OK ] SegmentedListTests.GetSubsequenceReturnsCopy (0 ms)
[ RUN      ] SegmentedListTests.ConcatAppendsAnotherSequence
[       OK ] SegmentedListTests.ConcatAppendsAnotherSequence (0 ms)
[ RUN      ] SegmentedListTests.CopyConstructorCreatesIndependentCopy
[       OK ] SegmentedListTests.CopyConstructorCreatesIndependentCopy (0 ms)
[----------] 5 tests from SegmentedListTests (0 ms total)

[----------] Global test environment tear-down
[==========] 114 tests from 9 test suites ran. (8 ms total)
[  PASSED  ] 114 tests.
<end of output>
Test time =   0.02 sec
----------------------------------------------------------
Test Passed.
"tests" end time: Apr 26 23:10 RTZ 2 (çèìà)
"tests" time elapsed: 00:00:00
----------------------------------------------------------

End testing: Apr 26 23:10 RTZ 2 (çèìà)
